<?xml version="1.0" encoding="UTF-8"?>
<testsuite xmlns:xsi="http://www.w3.org/2001/XMLSchema-instance" xsi:noNamespaceSchemaLocation="https://maven.apache.org/surefire/maven-surefire-plugin/xsd/surefire-test-report-3.0.xsd" version="3.0" name="com.mycompany.t4_actividadevaluable_cleancode2.ConjuntoTest" time="0.035" tests="4" errors="0" skipped="0" failures="0">
  <properties>
[...]
</properties>
  <testcase name="testSetIdVendedor" classname="com.mycompany.t4_actividadevaluable_cleancode2.ConjuntoTest" time="0.013">
    <system-out><![CDATA[Error: El id debe de estar en el rango de 0 a 10.000
]]></system-out>
  </testcase>
  <testcase name="testSetCantidad" classname="com.mycompany.t4_actividadevaluable_cleancode2.ConjuntoTest" time="0.001">
    <system-out><![CDATA[Error: La cantidad debe estar en el rango de 0 a 10,000.
]]></system-out>
  </testcase>
  <testcase name="testSetEdad" classname="com.mycompany.t4_actividadevaluable_cleancode2.ConjuntoTest" time="0.001">
    <system-out><![CDATA[Error: La edad de una persona debe estar en el rango de 0 a 120 años
]]></system-out>
  </testcase>
  <testcase name="testSetIdProducto" classname="com.mycompany.t4_actividadevaluable_cleancode2.ConjuntoTest" time="0.001">
    <system-out><![CDATA[Error: El idProducto debe estar en el rango de 0 a 10,000.
]]></system-out>
  </testcase>
</testsuite>